<?xml version="1.0" encoding="UTF-8"?>
<testng-results skipped="0" failed="0" total="1" passed="1">
  <reporter-output>
  </reporter-output>
  <suite name="Default suite" duration-ms="91492" started-at="2019-12-02T06:07:06Z" finished-at="2019-12-02T06:08:38Z">
    <groups>
    </groups>
    <test name="Default test" duration-ms="91492" started-at="2019-12-02T06:07:06Z" finished-at="2019-12-02T06:08:38Z">
      <class name="DriverFactory.DriverScript">
        <test-method status="PASS" signature="startTest()[pri:0, instance:DriverFactory.DriverScript@68be2bc2]" name="startTest" duration-ms="90339" started-at="2019-12-02T11:37:06Z" finished-at="2019-12-02T11:38:37Z">
          <reporter-output>
          </reporter-output>
        </test-method> <!-- startTest -->
      </class> <!-- DriverFactory.DriverScript -->
    </test> <!-- Default test -->
  </suite> <!-- Default suite -->
</testng-results>
